#
# There is insufficient memory for the Java Runtime Environment to continue.
# Native memory allocation (malloc) failed to allocate 1048576 bytes for AllocateHeap
# Possible reasons:
#   The system is out of physical RAM or swap space
#   The process is running with CompressedOops enabled, and the Java Heap may be blocking the growth of the native heap
# Possible solutions:
#   Reduce memory load on the system
#   Increase physical memory or swap space
#   Check if swap backing store is full
#   Decrease Java heap size (-Xmx/-Xms)
#   Decrease number of Java threads
#   Decrease Java thread stack sizes (-Xss)
#   Set larger code cache with -XX:ReservedCodeCacheSize=
#   JVM is running with Unscaled Compressed Oops mode in which the Java heap is
#     placed in the first 4GB address space. The Java Heap base address is the
#     maximum limit for the native heap growth. Please use -XX:HeapBaseMinAddress
#     to set the Java Heap base and to place the Java Heap above 4GB virtual address.
# This output file may be truncated or incomplete.
#
#  Out of Memory Error (memory/allocation.inline.hpp:61), pid=2584, tid=0x00000000000041b0
#
# JRE version:  (8.0_242-b01) (build )
# Java VM: OpenJDK 64-Bit Server VM (25.242-b01 mixed mode windows-amd64 compressed oops)
# Failed to write core dump. Minidumps are not enabled by default on client versions of Windows
#

---------------  T H R E A D  ---------------

Current thread (0x0000000002703000):  JavaThread "Unknown thread" [_thread_in_vm, id=16816, stack(0x0000000002550000,0x0000000002650000)]

Stack: [0x0000000002550000,0x0000000002650000]
[error occurred during error reporting (printing stack bounds), id 0xc0000005]

Native frames: (J=compiled Java code, j=interpreted, Vv=VM code, C=native code)


---------------  P R O C E S S  ---------------

Java Threads: ( => current thread )

Other Threads:

=>0x0000000002703000 (exited) JavaThread "Unknown thread" [_thread_in_vm, id=16816, stack(0x0000000002550000,0x0000000002650000)]

VM state:not at safepoint (normal execution)

VM Mutex/Monitor currently owned by a thread: None

heap address: 0x00000000e0000000, size: 512 MB, Compressed Oops mode: 32-bit
Narrow klass base: 0x0000000000000000, Narrow klass shift: 3
Compressed class space size: 1073741824 Address: 0x0000000100000000

Heap:
 PSYoungGen      total 38400K, used 665K [0x00000000f5580000, 0x00000000f8000000, 0x0000000100000000)
  eden space 33280K, 2% used [0x00000000f5580000,0x00000000f5626670,0x00000000f7600000)
  from space 5120K, 0% used [0x00000000f7b00000,0x00000000f7b00000,0x00000000f8000000)
  to   space 5120K, 0% used [0x00000000f7600000,0x00000000f7600000,0x00000000f7b00000)
 ParOldGen       total 87552K, used 0K [0x00000000e0000000, 0x00000000e5580000, 0x00000000f5580000)
  object space 87552K, 0% used [0x00000000e0000000,0x00000000e0000000,0x00000000e5580000)
 Metaspace       used 779K, capacity 4480K, committed 4480K, reserved 1056768K
  class space    used 74K, capacity 384K, committed 384K, reserved 1048576K

Card table byte_map: [0x0000000011bc0000,0x0000000011cd0000] byte_map_base: 0x00000000114c0000

Marking Bits: (ParMarkBitMap*) 0x0000000059cdf030
 Begin Bits: [0x0000000011ed0000, 0x00000000126d0000)
 End Bits:   [0x00000000126d0000, 0x0000000012ed0000)

Polling page: 0x0000000000a90000

CodeCache: size=245760Kb used=327Kb max_used=327Kb free=245432Kb
 bounds [0x0000000002800000, 0x0000000002a70000, 0x0000000011800000]
 total_blobs=56 nmethods=0 adapters=38
 compilation: enabled

Compilation events (0 events):
No events

GC Heap History (0 events):
No events

Deoptimization events (0 events):
No events

Classes redefined (0 events):
No events

Internal exceptions (0 events):
No events

Events (10 events):
Event: 0.164 loading class java/lang/Short
Event: 0.164 loading class java/lang/Short done
Event: 0.164 loading class java/lang/Integer
Event: 0.164 loading class java/lang/Integer done
Event: 0.164 loading class java/lang/Long
Event: 0.164 loading class java/lang/Long done
Event: 0.164 loading class java/lang/NullPointerException
Event: 0.165 loading class java/lang/NullPointerException done
Event: 0.165 loading class java/lang/ArithmeticException
Event: 0.165 loading class java/lang/ArithmeticException done


Dynamic libraries:
0x00007ff758850000 - 0x00007ff758881000 	C:\Program Files\Android\Android Studio\jre\bin\java.exe
0x00007ffc57ee0000 - 0x00007ffc580d0000 	C:\WINDOWS\SYSTEM32\ntdll.dll
0x00007ffc29f10000 - 0x00007ffc29f22000 	C:\Program Files\AVAST Software\Avast\aswhook.dll
0x00007ffc56530000 - 0x00007ffc565e2000 	C:\WINDOWS\System32\KERNEL32.DLL
0x00007ffc55980000 - 0x00007ffc55c23000 	C:\WINDOWS\System32\KERNELBASE.dll
0x00007ffc56fe0000 - 0x00007ffc57083000 	C:\WINDOWS\System32\ADVAPI32.dll
0x00007ffc56130000 - 0x00007ffc561ce000 	C:\WINDOWS\System32\msvcrt.dll
0x00007ffc57e00000 - 0x00007ffc57e97000 	C:\WINDOWS\System32\sechost.dll
0x00007ffc56750000 - 0x00007ffc56870000 	C:\WINDOWS\System32\RPCRT4.dll
0x00007ffc568f0000 - 0x00007ffc56a84000 	C:\WINDOWS\System32\USER32.dll
0x00007ffc55c30000 - 0x00007ffc55c51000 	C:\WINDOWS\System32\win32u.dll
0x00007ffc56100000 - 0x00007ffc56126000 	C:\WINDOWS\System32\GDI32.dll
0x00007ffc557e0000 - 0x00007ffc55974000 	C:\WINDOWS\System32\gdi32full.dll
0x00007ffc55e60000 - 0x00007ffc55efe000 	C:\WINDOWS\System32\msvcp_win.dll
0x00007ffc55d60000 - 0x00007ffc55e5a000 	C:\WINDOWS\System32\ucrtbase.dll
0x00007ffc4a690000 - 0x00007ffc4a915000 	C:\WINDOWS\WinSxS\amd64_microsoft.windows.common-controls_6595b64144ccf1df_6.0.18362.720_none_e6beb5c51314836b\COMCTL32.dll
0x00007ffc56c30000 - 0x00007ffc56f66000 	C:\WINDOWS\System32\combase.dll
0x00007ffc54fe0000 - 0x00007ffc55060000 	C:\WINDOWS\System32\bcryptPrimitives.dll
0x00007ffc57110000 - 0x00007ffc5713e000 	C:\WINDOWS\System32\IMM32.DLL
0x0000000058aa0000 - 0x0000000058b72000 	C:\Program Files\Android\Android Studio\jre\jre\bin\msvcr100.dll
0x0000000059510000 - 0x0000000059d5b000 	C:\Program Files\Android\Android Studio\jre\jre\bin\server\jvm.dll
0x00007ffc561d0000 - 0x00007ffc561d8000 	C:\WINDOWS\System32\PSAPI.DLL
0x00007ffc44650000 - 0x00007ffc44659000 	C:\WINDOWS\SYSTEM32\WSOCK32.dll
0x00007ffc56870000 - 0x00007ffc568df000 	C:\WINDOWS\System32\WS2_32.dll
0x00007ffc4e720000 - 0x00007ffc4e744000 	C:\WINDOWS\SYSTEM32\WINMM.dll
0x00007ffc50200000 - 0x00007ffc5020a000 	C:\WINDOWS\SYSTEM32\VERSION.dll
0x00007ffc4e6f0000 - 0x00007ffc4e71d000 	C:\WINDOWS\SYSTEM32\WINMMBASE.dll
0x00007ffc55c60000 - 0x00007ffc55caa000 	C:\WINDOWS\System32\cfgmgr32.dll
0x00007ffc3fbd0000 - 0x00007ffc3fbdf000 	C:\Program Files\Android\Android Studio\jre\jre\bin\verify.dll
0x00007ffc366e0000 - 0x00007ffc36709000 	C:\Program Files\Android\Android Studio\jre\jre\bin\java.dll
0x00007ffc36e20000 - 0x00007ffc36e36000 	C:\Program Files\Android\Android Studio\jre\jre\bin\zip.dll

VM Arguments:
jvm_args: -Djava.awt.headless=true -Djava.security.manager=worker.org.gradle.process.internal.worker.child.BootstrapSecurityManager -Dorg.gradle.native=false -Xmx512m -Dfile.encoding=UTF-8 -Duser.country=FR -Duser.language=fr -Duser.variant -ea 
java_command: worker.org.gradle.process.internal.worker.GradleWorkerMain 'Gradle Test Executor 1'
java_class_path (initial): F:\.gradle\caches\6.5\workerMain\gradle-worker.jar
Launcher Type: SUN_STANDARD

Environment Variables:
JAVA_HOME=C:\Program Files\Java\jdk-11.0.9
USERNAME=Antoine
OS=Windows_NT
PROCESSOR_IDENTIFIER=Intel64 Family 6 Model 60 Stepping 3, GenuineIntel



---------------  S Y S T E M  ---------------

OS: Windows 10.0 , 64 bit Build 18362 (10.0.18362.329)

CPU:total 2 (initial active 2) (2 cores per cpu, 1 threads per core) family 6 model 60 stepping 3, cmov, cx8, fxsr, mmx, sse, sse2, sse3, ssse3, sse4.1, sse4.2, popcnt, clmul, erms, lzcnt, tsc, tscinvbit

Memory: 4k page, physical 8323324k(324572k free), swap 16515324k(7012k free)

vm_info: OpenJDK 64-Bit Server VM (25.242-b01) for windows-amd64 JRE (1.8.0_242-release-1644-b01), built by "builder" with MS VC++ 10.0 (VS2010)

time: Tue Feb 16 21:52:39 2021
timezone: Paris, Madrid
elapsed time: 0 seconds (0d 0h 0m 0s)

